{
  "stats": {
    "suites": 4,
    "tests": 6,
    "passes": 6,
    "pending": 0,
    "failures": 0,
    "start": "2021-05-14T18:25:04.345Z",
    "end": "2021-05-14T18:25:09.615Z",
    "duration": 5270,
    "testsRegistered": 6,
    "passPercent": 100,
    "pendingPercent": 0,
    "other": 0,
    "hasOther": false,
    "skipped": 0,
    "hasSkipped": false
  },
  "results": [
    {
      "uuid": "e234468b-061f-42aa-b42b-febd8aac58ce",
      "title": "",
      "fullFile": "cypress/integration/test_api.js",
      "file": "cypress/integration/test_api.js",
      "beforeHooks": [],
      "afterHooks": [],
      "tests": [],
      "suites": [
        {
          "uuid": "62531826-c6f2-4b49-a6e4-945ad9818825",
          "title": "AUTOMAÇÃO API CYPRESS - GOREST.CO.IN",
          "fullFile": "",
          "file": "",
          "beforeHooks": [],
          "afterHooks": [],
          "tests": [],
          "suites": [
            {
              "uuid": "9bec7017-6545-4fb5-add3-bb0e532bce93",
              "title": "POST Novo Usuário",
              "fullFile": "",
              "file": "",
              "beforeHooks": [],
              "afterHooks": [],
              "tests": [
                {
                  "title": "Entrada Válida",
                  "fullTitle": "AUTOMAÇÃO API CYPRESS - GOREST.CO.IN POST Novo Usuário Entrada Válida",
                  "timedOut": null,
                  "duration": 2489,
                  "state": "passed",
                  "speed": "slow",
                  "pass": true,
                  "fail": false,
                  "pending": false,
                  "context": null,
                  "code": "cy.postNewUser(\"Caio Tester\", \"Male\", \"teste_api_caio@qualquer.com\", \"Active\").then(res => {\n  console.log(res);\n  expect(res).to.have.property('status', 200);\n  expect(res.body).to.have.property('code', 201);\n  expect(res.body.data).to.have.property('id');\n  expect(res.body.data).to.have.property('name', \"Caio Tester\");\n  expect(res.body.data).to.have.property('gender', \"Male\");\n  expect(res.body.data).to.have.property('email', \"teste_api_caio@qualquer.com\");\n  expect(res.body.data).to.have.property('status', \"Active\");\n  id_new_user = res.body.data.id;\n});",
                  "err": {},
                  "uuid": "b1ea8bdd-ef2d-4baf-8488-0bb115818a12",
                  "parentUUID": "9bec7017-6545-4fb5-add3-bb0e532bce93",
                  "isHook": false,
                  "skipped": false
                },
                {
                  "title": "Entrada Inválida (email duplicado)",
                  "fullTitle": "AUTOMAÇÃO API CYPRESS - GOREST.CO.IN POST Novo Usuário Entrada Inválida (email duplicado)",
                  "timedOut": null,
                  "duration": 509,
                  "state": "passed",
                  "speed": "slow",
                  "pass": true,
                  "fail": false,
                  "pending": false,
                  "context": null,
                  "code": "cy.postNewUser(\"Caio Tester\", \"Male\", \"teste_api_caio@qualquer.com\", \"Active\").then(res => {\n  console.log(res);\n  expect(res).to.have.property('status', 200);\n  expect(res.body).to.have.property('code', 422);\n  expect(res.body.data[0]).to.have.property('field', \"email\");\n  expect(res.body.data[0]).to.have.property('message', \"has already been taken\");\n});",
                  "err": {},
                  "uuid": "5c8c1c23-6b57-4ef7-8413-e231bf6614d5",
                  "parentUUID": "9bec7017-6545-4fb5-add3-bb0e532bce93",
                  "isHook": false,
                  "skipped": false
                }
              ],
              "suites": [],
              "passes": [
                "b1ea8bdd-ef2d-4baf-8488-0bb115818a12",
                "5c8c1c23-6b57-4ef7-8413-e231bf6614d5"
              ],
              "failures": [],
              "pending": [],
              "skipped": [],
              "duration": 2998,
              "root": false,
              "rootEmpty": false,
              "_timeout": 2000
            },
            {
              "uuid": "15ada858-6c35-48bb-a8b6-6d56654f2384",
              "title": "GET Usuário",
              "fullFile": "",
              "file": "",
              "beforeHooks": [],
              "afterHooks": [],
              "tests": [
                {
                  "title": "Id Válido",
                  "fullTitle": "AUTOMAÇÃO API CYPRESS - GOREST.CO.IN GET Usuário Id Válido",
                  "timedOut": null,
                  "duration": 472,
                  "state": "passed",
                  "speed": "slow",
                  "pass": true,
                  "fail": false,
                  "pending": false,
                  "context": null,
                  "code": "cy.getUserById(id_new_user).then(res => {\n  console.log(res);\n  expect(res).to.have.property('status', 200);\n  expect(res.body).to.have.property('code', 200);\n  expect(res.body.data).to.have.property('id');\n  expect(res.body.data).to.have.property('name', \"Caio Tester\");\n  expect(res.body.data).to.have.property('gender', \"Male\");\n  expect(res.body.data).to.have.property('email', \"teste_api_caio@qualquer.com\");\n  expect(res.body.data).to.have.property('status', \"Active\");\n});",
                  "err": {},
                  "uuid": "b819f20c-8845-461f-91f9-b33ef65a58c1",
                  "parentUUID": "15ada858-6c35-48bb-a8b6-6d56654f2384",
                  "isHook": false,
                  "skipped": false
                },
                {
                  "title": "Id Inválido",
                  "fullTitle": "AUTOMAÇÃO API CYPRESS - GOREST.CO.IN GET Usuário Id Inválido",
                  "timedOut": null,
                  "duration": 435,
                  "state": "passed",
                  "speed": "slow",
                  "pass": true,
                  "fail": false,
                  "pending": false,
                  "context": null,
                  "code": "cy.getUserById(579900).then(res => {\n  console.log(res);\n  expect(res.body).to.have.property('code', 404);\n  expect(res.body.data).to.have.property('message', \"Resource not found\");\n});",
                  "err": {},
                  "uuid": "8d805ff4-33e3-45aa-9f24-54e332d16a67",
                  "parentUUID": "15ada858-6c35-48bb-a8b6-6d56654f2384",
                  "isHook": false,
                  "skipped": false
                }
              ],
              "suites": [],
              "passes": [
                "b819f20c-8845-461f-91f9-b33ef65a58c1",
                "8d805ff4-33e3-45aa-9f24-54e332d16a67"
              ],
              "failures": [],
              "pending": [],
              "skipped": [],
              "duration": 907,
              "root": false,
              "rootEmpty": false,
              "_timeout": 2000
            },
            {
              "uuid": "cdc2d408-f9c4-4f96-95e4-6f47fe68b8a1",
              "title": "DELETE Usuário",
              "fullFile": "",
              "file": "",
              "beforeHooks": [],
              "afterHooks": [],
              "tests": [
                {
                  "title": "Usuário Existente",
                  "fullTitle": "AUTOMAÇÃO API CYPRESS - GOREST.CO.IN DELETE Usuário Usuário Existente",
                  "timedOut": null,
                  "duration": 826,
                  "state": "passed",
                  "speed": "slow",
                  "pass": true,
                  "fail": false,
                  "pending": false,
                  "context": null,
                  "code": "cy.deleteUser(id_new_user).then(res_delete => {\n  console.log(res_delete);\n  expect(res_delete).to.have.property('status', 200);\n  expect(res_delete.body).to.have.property('code', 204);\n});\ncy.getUserById(id_new_user).then(res => {\n  console.log(res);\n  expect(res).to.have.property('status', 200);\n  expect(res.body).to.have.property('code', 404);\n});",
                  "err": {},
                  "uuid": "683346de-a107-4ecc-9617-521a20346b48",
                  "parentUUID": "cdc2d408-f9c4-4f96-95e4-6f47fe68b8a1",
                  "isHook": false,
                  "skipped": false
                },
                {
                  "title": "Usuário Inexistente",
                  "fullTitle": "AUTOMAÇÃO API CYPRESS - GOREST.CO.IN DELETE Usuário Usuário Inexistente",
                  "timedOut": null,
                  "duration": 409,
                  "state": "passed",
                  "speed": "slow",
                  "pass": true,
                  "fail": false,
                  "pending": false,
                  "context": null,
                  "code": "cy.deleteUser(65645645).then(res_delete => {\n  //console.log(res_delete)\n  expect(res_delete).to.have.property('status', 200);\n  expect(res_delete.body).to.have.property('code', 404);\n});",
                  "err": {},
                  "uuid": "a155d92c-8b93-4365-a7d0-3d974c2359b0",
                  "parentUUID": "cdc2d408-f9c4-4f96-95e4-6f47fe68b8a1",
                  "isHook": false,
                  "skipped": false
                }
              ],
              "suites": [],
              "passes": [
                "683346de-a107-4ecc-9617-521a20346b48",
                "a155d92c-8b93-4365-a7d0-3d974c2359b0"
              ],
              "failures": [],
              "pending": [],
              "skipped": [],
              "duration": 1235,
              "root": false,
              "rootEmpty": false,
              "_timeout": 2000
            }
          ],
          "passes": [],
          "failures": [],
          "pending": [],
          "skipped": [],
          "duration": 0,
          "root": false,
          "rootEmpty": false,
          "_timeout": 2000
        }
      ],
      "passes": [],
      "failures": [],
      "pending": [],
      "skipped": [],
      "duration": 0,
      "root": true,
      "rootEmpty": true,
      "_timeout": 2000
    }
  ],
  "meta": {
    "mocha": {
      "version": "7.0.1"
    },
    "mochawesome": {
      "options": {
        "quiet": false,
        "reportFilename": "mochawesome",
        "saveHtml": true,
        "saveJson": true,
        "consoleReporter": "spec",
        "useInlineDiffs": false,
        "code": true
      },
      "version": "6.2.2"
    },
    "marge": {
      "options": {
        "id": "default",
        "reportDir": "cypress/reports",
        "quite": true,
        "overwrite": true,
        "html": true,
        "json": true
      },
      "version": "5.2.0"
    }
  }
}